<?xml version="1.0" encoding="UTF-8"?>
<!-- Generated by org.testng.reporters.JUnitXMLReporter -->
<testsuite hostname="USHYDVMSAISUMA3" name="All Tests" tests="1" failures="0" timestamp="18 Sep 2018 14:18:52 GMT" time="0.493" errors="0">
  <testcase name="@BeforeClass setUpClass" time="0.0" classname="TestRunners.TestNgTestRunner">
    <failure type="cucumber.runtime.DuplicateStepDefinitionException" message="Duplicate step definitions in StepDefinitions.functional.MemberDemographicSteps.verify_status_code(int) in file:/C:/Users/vmsaisumamanasa/Desktop/BDDWebserviceAndUi-Master/BDDWebserviceAndUi-master/target/classes/ and StepDefinitions.webServices.MemberRewardServiceSteps.verifyResponseStatus(int) in file:/C:/Users/vmsaisumamanasa/Desktop/BDDWebserviceAndUi-Master/BDDWebserviceAndUi-master/target/classes/">
      <![CDATA[cucumber.runtime.DuplicateStepDefinitionException: Duplicate step definitions in StepDefinitions.functional.MemberDemographicSteps.verify_status_code(int) in file:/C:/Users/vmsaisumamanasa/Desktop/BDDWebserviceAndUi-Master/BDDWebserviceAndUi-master/target/classes/ and StepDefinitions.webServices.MemberRewardServiceSteps.verifyResponseStatus(int) in file:/C:/Users/vmsaisumamanasa/Desktop/BDDWebserviceAndUi-Master/BDDWebserviceAndUi-master/target/classes/
	at cucumber.runtime.RuntimeGlue.addStepDefinition(RuntimeGlue.java:33)
	at cucumber.runtime.java.JavaBackend.addStepDefinition(JavaBackend.java:151)
	at cucumber.runtime.java.MethodScanner.scan(MethodScanner.java:68)
	at cucumber.runtime.java.MethodScanner.scan(MethodScanner.java:41)
	at cucumber.runtime.java.JavaBackend.loadGlue(JavaBackend.java:86)
	at cucumber.runtime.Runtime.<init>(Runtime.java:92)
	at cucumber.runtime.Runtime.<init>(Runtime.java:70)
	at cucumber.runtime.Runtime.<init>(Runtime.java:66)
	at cucumber.api.testng.TestNGCucumberRunner.<init>(TestNGCucumberRunner.java:42)
	at TestRunners.TestNgTestRunner.setUpClass(TestNgTestRunner.java:45)
	at java.util.concurrent.FutureTask.run(Unknown Source)
	at java.util.concurrent.ThreadPoolExecutor.runWorker(Unknown Source)
	at java.util.concurrent.ThreadPoolExecutor$Worker.run(Unknown Source)
	at java.lang.Thread.run(Unknown Source)
... Removed 16 stack frames]]>
    </failure>
  </testcase> <!-- @BeforeClass setUpClass -->
  <testcase name="@AfterClass tearDownClass" time="0.0" classname="TestRunners.TestNgTestRunner">
    <failure type="java.lang.NullPointerException">
      <![CDATA[java.lang.NullPointerException
	at TestRunners.TestNgTestRunner.tearDownClass(TestNgTestRunner.java:93)
	at java.util.concurrent.FutureTask.run(Unknown Source)
	at java.util.concurrent.ThreadPoolExecutor.runWorker(Unknown Source)
	at java.util.concurrent.ThreadPoolExecutor$Worker.run(Unknown Source)
	at java.lang.Thread.run(Unknown Source)
... Removed 16 stack frames]]>
    </failure>
  </testcase> <!-- @AfterClass tearDownClass -->
  <testcase name="feature" time="0.0" classname="TestRunners.TestNgTestRunner">
    <skipped/>
  </testcase> <!-- feature -->
</testsuite> <!-- All Tests -->
